\BOOKMARK [0][-]{section*.2}{List of Figures}{}% 1
\BOOKMARK [0][-]{chapter.1}{Introduction}{}% 2
\BOOKMARK [1][-]{section.1.1}{Polymer}{chapter.1}% 3
\BOOKMARK [1][-]{section.1.2}{Polymerization}{chapter.1}% 4
\BOOKMARK [1][-]{section.1.3}{Poly\(Ethylene Oxide\)}{chapter.1}% 5
\BOOKMARK [1][-]{section.1.4}{Importance of N}{chapter.1}% 6
\BOOKMARK [1][-]{section.1.5}{Polymer crystallization}{chapter.1}% 7
\BOOKMARK [0][-]{chapter.2}{Evaporative purification}{}% 8
\BOOKMARK [1][-]{section.2.1}{Vapor pressure of PEO oligomers}{chapter.2}% 9
\BOOKMARK [1][-]{section.2.2}{Evaporation technique and results}{chapter.2}% 10
\BOOKMARK [1][-]{section.2.3}{Results from mass spectroscopy}{chapter.2}% 11
\BOOKMARK [2][-]{subsection.2.3.1}{MALDI-TOF spectra and analysis}{section.2.3}% 12
\BOOKMARK [2][-]{subsection.2.3.2}{Evolution of N during evaporation process}{section.2.3}% 13
\BOOKMARK [0][-]{chapter.3}{Chain conformation analysis}{}% 14
\BOOKMARK [1][-]{section.3.1}{Polymer crystallization}{chapter.3}% 15
\BOOKMARK [2][-]{subsection.3.1.1}{Polymer crystal models and theories}{section.3.1}% 16
\BOOKMARK [2][-]{subsection.3.1.2}{Thermodynamics of polymer crystallization}{section.3.1}% 17
\BOOKMARK [1][-]{section.3.2}{PEO crystallization}{chapter.3}% 18
\BOOKMARK [2][-]{subsection.3.2.1}{Crystal structure}{section.3.2}% 19
\BOOKMARK [2][-]{subsection.3.2.2}{Melting points of PEO oligomers}{section.3.2}% 20
\BOOKMARK [1][-]{section.3.3}{Basics of differential scanning calorimetry}{chapter.3}% 21
\BOOKMARK [2][-]{subsection.3.3.1}{Phase transitions in polymers}{section.3.3}% 22
\BOOKMARK [2][-]{subsection.3.3.2}{Working mechanism of differential scannign calorimetry}{section.3.3}% 23
\BOOKMARK [1][-]{section.3.4}{Results from differential scanning calorimetry}{chapter.3}% 24
\BOOKMARK [2][-]{subsection.3.4.1}{Melting temperature}{section.3.4}% 25
\BOOKMARK [2][-]{subsection.3.4.2}{Degree of crystallinity}{section.3.4}% 26
\BOOKMARK [0][-]{chapter.4}{Crystal growth review and measurements}{}% 27
\BOOKMARK [1][-]{section.4.1}{Crystallization with spherulites}{chapter.4}% 28
\BOOKMARK [2][-]{subsection.4.1.1}{Nucleation}{section.4.1}% 29
\BOOKMARK [2][-]{subsection.4.1.2}{Crystal growth}{section.4.1}% 30
\BOOKMARK [1][-]{section.4.2}{Review of PEO oligomers crystal growth rate}{chapter.4}% 31
\BOOKMARK [1][-]{section.4.3}{Optical microscopy experiments}{chapter.4}% 32
\BOOKMARK [1][-]{section.4.4}{Crystal growth rate of purified products}{chapter.4}% 33
\BOOKMARK [0][-]{chapter.5}{Conclusion \046 discussion}{}% 34
\BOOKMARK [1][-]{section.5.1}{Evaporative purification of PEO}{chapter.5}% 35
\BOOKMARK [1][-]{section.5.2}{Chain conformation}{chapter.5}% 36
\BOOKMARK [1][-]{section.5.3}{Crystal growth}{chapter.5}% 37
\BOOKMARK [0][-]{section*.48}{References}{}% 38
