This is pdfTeX, Version 3.14159265-2.6-1.40.19 (TeX Live 2018) (preloaded format=pdflatex 2018.4.16)  30 SEP 2018 20:55
entering extended mode
 restricted \write18 enabled.
 %&-line parsing enabled.
**uw-ethesis.tex
(./uw-ethesis.tex
LaTeX2e <2018-04-01> patch level 2
Babel <3.18> and hyphenation patterns for 84 language(s) loaded.
(/usr/local/texlive/2018/texmf-dist/tex/latex/base/book.cls
Document Class: book 2014/09/29 v1.4h Standard LaTeX document class
(/usr/local/texlive/2018/texmf-dist/tex/latex/base/bk12.clo
File: bk12.clo 2014/09/29 v1.4h Standard LaTeX file (size option)
)
\c@part=\count80
\c@chapter=\count81
\c@section=\count82
\c@subsection=\count83
\c@subsubsection=\count84
\c@paragraph=\count85
\c@subparagraph=\count86
\c@figure=\count87
\c@table=\count88
\abovecaptionskip=\skip41
\belowcaptionskip=\skip42
\bibindent=\dimen102
)
(/usr/local/texlive/2018/texmf-dist/tex/latex/base/ifthen.sty
Package: ifthen 2014/09/29 v1.1c Standard LaTeX ifthen package (DPC)
)
(/usr/local/texlive/2018/texmf-dist/tex/latex/amsmath/amsmath.sty
Package: amsmath 2017/09/02 v2.17a AMS math features
\@mathmargin=\skip43

For additional information on amsmath, use the `?' option.
(/usr/local/texlive/2018/texmf-dist/tex/latex/amsmath/amstext.sty
Package: amstext 2000/06/29 v2.01 AMS text

(/usr/local/texlive/2018/texmf-dist/tex/latex/amsmath/amsgen.sty
File: amsgen.sty 1999/11/30 v2.0 generic functions
\@emptytoks=\toks14
\ex@=\dimen103
))
(/usr/local/texlive/2018/texmf-dist/tex/latex/amsmath/amsbsy.sty
Package: amsbsy 1999/11/29 v1.2d Bold Symbols
\pmbraise@=\dimen104
)
(/usr/local/texlive/2018/texmf-dist/tex/latex/amsmath/amsopn.sty
Package: amsopn 2016/03/08 v2.02 operator names
)
\inf@bad=\count89
LaTeX Info: Redefining \frac on input line 213.
\uproot@=\count90
\leftroot@=\count91
LaTeX Info: Redefining \overline on input line 375.
\classnum@=\count92
\DOTSCASE@=\count93
LaTeX Info: Redefining \ldots on input line 472.
LaTeX Info: Redefining \dots on input line 475.
LaTeX Info: Redefining \cdots on input line 596.
\Mathstrutbox@=\box26
\strutbox@=\box27
\big@size=\dimen105
LaTeX Font Info:    Redeclaring font encoding OML on input line 712.
LaTeX Font Info:    Redeclaring font encoding OMS on input line 713.
\macc@depth=\count94
\c@MaxMatrixCols=\count95
\dotsspace@=\muskip10
\c@parentequation=\count96
\dspbrk@lvl=\count97
\tag@help=\toks15
\row@=\count98
\column@=\count99
\maxfields@=\count100
\andhelp@=\toks16
\eqnshift@=\dimen106
\alignsep@=\dimen107
\tagshift@=\dimen108
\tagwidth@=\dimen109
\totwidth@=\dimen110
\lineht@=\dimen111
\@envbody=\toks17
\multlinegap=\skip44
\multlinetaggap=\skip45
\mathdisplay@stack=\toks18
LaTeX Info: Redefining \[ on input line 2817.
LaTeX Info: Redefining \] on input line 2818.
)
(/usr/local/texlive/2018/texmf-dist/tex/latex/amsfonts/amssymb.sty
Package: amssymb 2013/01/14 v3.01 AMS font symbols

(/usr/local/texlive/2018/texmf-dist/tex/latex/amsfonts/amsfonts.sty
Package: amsfonts 2013/01/14 v3.01 Basic AMSFonts support
\symAMSa=\mathgroup4
\symAMSb=\mathgroup5
LaTeX Font Info:    Overwriting math alphabet `\mathfrak' in version `bold'
(Font)                  U/euf/m/n --> U/euf/b/n on input line 106.
))
(/usr/local/texlive/2018/texmf-dist/tex/latex/graphics/graphicx.sty
Package: graphicx 2017/06/01 v1.1a Enhanced LaTeX Graphics (DPC,SPQR)

(/usr/local/texlive/2018/texmf-dist/tex/latex/graphics/keyval.sty
Package: keyval 2014/10/28 v1.15 key=value parser (DPC)
\KV@toks@=\toks19
)
(/usr/local/texlive/2018/texmf-dist/tex/latex/graphics/graphics.sty
Package: graphics 2017/06/25 v1.2c Standard LaTeX Graphics (DPC,SPQR)

(/usr/local/texlive/2018/texmf-dist/tex/latex/graphics/trig.sty
Package: trig 2016/01/03 v1.10 sin cos tan (DPC)
)
(/usr/local/texlive/2018/texmf-dist/tex/latex/graphics-cfg/graphics.cfg
File: graphics.cfg 2016/06/04 v1.11 sample graphics configuration
)
Package graphics Info: Driver file: pdftex.def on input line 99.

(/usr/local/texlive/2018/texmf-dist/tex/latex/graphics-def/pdftex.def
File: pdftex.def 2018/01/08 v1.0l Graphics/color driver for pdftex
))
\Gin@req@height=\dimen112
\Gin@req@width=\dimen113
)
(/usr/local/texlive/2018/texmf-dist/tex/latex/footmisc/footmisc.sty
Package: footmisc 2011/06/06 v5.5b a miscellany of footnote facilities
\FN@temptoken=\toks20
\footnotemargin=\dimen114
\c@pp@next@reset=\count101
Package footmisc Info: Declaring symbol style bringhurst on input line 855.
Package footmisc Info: Declaring symbol style chicago on input line 863.
Package footmisc Info: Declaring symbol style wiley on input line 872.
Package footmisc Info: Declaring symbol style lamport-robust on input line 883.

Package footmisc Info: Declaring symbol style lamport* on input line 903.
Package footmisc Info: Declaring symbol style lamport*-robust on input line 924
.
)
(/usr/local/texlive/2018/texmf-dist/tex/latex/float/float.sty
Package: float 2001/11/08 v1.3d Float enhancements (AL)
\c@float@type=\count102
\float@exts=\toks21
\float@box=\box28
\@float@everytoks=\toks22
\@floatcapt=\box29
)
(/usr/local/texlive/2018/texmf-dist/tex/latex/caption/subcaption.sty
Package: subcaption 2016/05/22 v1.1-161 Sub-captions (AR)

(/usr/local/texlive/2018/texmf-dist/tex/latex/caption/caption.sty
Package: caption 2016/02/21 v3.3-144 Customizing captions (AR)

(/usr/local/texlive/2018/texmf-dist/tex/latex/caption/caption3.sty
Package: caption3 2016/05/22 v1.7-166 caption3 kernel (AR)
Package caption3 Info: TeX engine: e-TeX on input line 67.
\captionmargin=\dimen115
\captionmargin@=\dimen116
\captionwidth=\dimen117
\caption@tempdima=\dimen118
\caption@indent=\dimen119
\caption@parindent=\dimen120
\caption@hangindent=\dimen121
)
\c@ContinuedFloat=\count103
Package caption Info: float package is loaded.
)
\c@subfigure=\count104
\c@subtable=\count105
)
(/usr/local/texlive/2018/texmf-dist/tex/latex/setspace/setspace.sty
Package: setspace 2011/12/19 v6.7a set line spacing
)
(/usr/local/texlive/2018/texmf-dist/tex/latex/base/inputenc.sty
Package: inputenc 2018/04/06 v1.3b Input encoding file
\inpenc@prehook=\toks23
\inpenc@posthook=\toks24
)
   defining Unicode char U+2009 (decimal 8201)

(/usr/local/texlive/2018/texmf-dist/tex/generic/babel/babel.sty
Package: babel 2018/02/14 3.18 The Babel package

(/usr/local/texlive/2018/texmf-dist/tex/generic/babel/switch.def
File: switch.def 2018/02/14 3.18 Babel switching mechanism
)
(/usr/local/texlive/2018/texmf-dist/tex/generic/babel-english/english.ldf
Language: english 2017/06/06 v3.3r English support from the babel system

(/usr/local/texlive/2018/texmf-dist/tex/generic/babel/babel.def
File: babel.def 2018/02/14 3.18 Babel common definitions
\babel@savecnt=\count106
\U@D=\dimen122

(/usr/local/texlive/2018/texmf-dist/tex/generic/babel/txtbabel.def)
\bbl@dirlevel=\count107
)
\l@canadian = a dialect from \language\l@american 
\l@australian = a dialect from \language\l@british 
\l@newzealand = a dialect from \language\l@british 
))
(/usr/local/texlive/2018/texmf-dist/tex/latex/csquotes/csquotes.sty
Package: csquotes 2018/02/11 v5.2c context-sensitive quotations (JAW)

(/usr/local/texlive/2018/texmf-dist/tex/latex/etoolbox/etoolbox.sty
Package: etoolbox 2018/02/11 v2.5e e-TeX tools for LaTeX (JAW)
\etb@tempcnta=\count108
)
\csq@reset=\count109
\csq@gtype=\count110
\csq@glevel=\count111
\csq@qlevel=\count112
\csq@maxlvl=\count113
\csq@tshold=\count114
\csq@ltx@everypar=\toks25

(/usr/local/texlive/2018/texmf-dist/tex/latex/csquotes/csquotes.def
File: csquotes.def 2018/02/11 v5.2c csquotes generic definitions (JAW)
)
Package csquotes Info: Trying to load configuration file 'csquotes.cfg'...
Package csquotes Info: ... configuration file loaded successfully.

(/usr/local/texlive/2018/texmf-dist/tex/latex/csquotes/csquotes.cfg
File: csquotes.cfg 
)
Package csquotes Info: Enabling multilingual quotes.
Package csquotes Info: Redefining alias 'english' -> 'english/american'.
)
Package csquotes Info: Allocating character ".

(/usr/local/texlive/2018/texmf-dist/tex/latex/pgf/frontendlayer/tikz.sty
(/usr/local/texlive/2018/texmf-dist/tex/latex/pgf/basiclayer/pgf.sty
(/usr/local/texlive/2018/texmf-dist/tex/latex/pgf/utilities/pgfrcs.sty
(/usr/local/texlive/2018/texmf-dist/tex/generic/pgf/utilities/pgfutil-common.te
x
\pgfutil@everybye=\toks26
\pgfutil@tempdima=\dimen123
\pgfutil@tempdimb=\dimen124

(/usr/local/texlive/2018/texmf-dist/tex/generic/pgf/utilities/pgfutil-common-li
sts.tex))
(/usr/local/texlive/2018/texmf-dist/tex/generic/pgf/utilities/pgfutil-latex.def
\pgfutil@abb=\box30
(/usr/local/texlive/2018/texmf-dist/tex/latex/ms/everyshi.sty
Package: everyshi 2001/05/15 v3.00 EveryShipout Package (MS)
))
(/usr/local/texlive/2018/texmf-dist/tex/generic/pgf/utilities/pgfrcs.code.tex
Package: pgfrcs 2015/08/07 v3.0.1a (rcs-revision 1.31)
))
Package: pgf 2015/08/07 v3.0.1a (rcs-revision 1.15)
(/usr/local/texlive/2018/texmf-dist/tex/latex/pgf/basiclayer/pgfcore.sty
(/usr/local/texlive/2018/texmf-dist/tex/latex/pgf/systemlayer/pgfsys.sty
(/usr/local/texlive/2018/texmf-dist/tex/generic/pgf/systemlayer/pgfsys.code.tex
Package: pgfsys 2014/07/09 v3.0.1a (rcs-revision 1.48)
(/usr/local/texlive/2018/texmf-dist/tex/generic/pgf/utilities/pgfkeys.code.tex
\pgfkeys@pathtoks=\toks27
\pgfkeys@temptoks=\toks28

(/usr/local/texlive/2018/texmf-dist/tex/generic/pgf/utilities/pgfkeysfiltered.c
ode.tex
\pgfkeys@tmptoks=\toks29
))
\pgf@x=\dimen125
\pgf@y=\dimen126
\pgf@xa=\dimen127
\pgf@ya=\dimen128
\pgf@xb=\dimen129
\pgf@yb=\dimen130
\pgf@xc=\dimen131
\pgf@yc=\dimen132
\w@pgf@writea=\write3
\r@pgf@reada=\read1
\c@pgf@counta=\count115
\c@pgf@countb=\count116
\c@pgf@countc=\count117
\c@pgf@countd=\count118
\t@pgf@toka=\toks30
\t@pgf@tokb=\toks31
\t@pgf@tokc=\toks32

(/usr/local/texlive/2018/texmf-dist/tex/generic/pgf/systemlayer/pgf.cfg
File: pgf.cfg 2008/05/14  (rcs-revision 1.7)
)
Driver file for pgf: pgfsys-pdftex.def

(/usr/local/texlive/2018/texmf-dist/tex/generic/pgf/systemlayer/pgfsys-pdftex.d
ef
File: pgfsys-pdftex.def 2014/10/11  (rcs-revision 1.35)

(/usr/local/texlive/2018/texmf-dist/tex/generic/pgf/systemlayer/pgfsys-common-p
df.def
File: pgfsys-common-pdf.def 2013/10/10  (rcs-revision 1.13)
)))
(/usr/local/texlive/2018/texmf-dist/tex/generic/pgf/systemlayer/pgfsyssoftpath.
code.tex
File: pgfsyssoftpath.code.tex 2013/09/09  (rcs-revision 1.9)
\pgfsyssoftpath@smallbuffer@items=\count119
\pgfsyssoftpath@bigbuffer@items=\count120
)
(/usr/local/texlive/2018/texmf-dist/tex/generic/pgf/systemlayer/pgfsysprotocol.
code.tex
File: pgfsysprotocol.code.tex 2006/10/16  (rcs-revision 1.4)
)) (/usr/local/texlive/2018/texmf-dist/tex/latex/xcolor/xcolor.sty
Package: xcolor 2016/05/11 v2.12 LaTeX color extensions (UK)

(/usr/local/texlive/2018/texmf-dist/tex/latex/graphics-cfg/color.cfg
File: color.cfg 2016/01/02 v1.6 sample color configuration
)
Package xcolor Info: Driver file: pdftex.def on input line 225.
Package xcolor Info: Model `cmy' substituted by `cmy0' on input line 1348.
Package xcolor Info: Model `hsb' substituted by `rgb' on input line 1352.
Package xcolor Info: Model `RGB' extended on input line 1364.
Package xcolor Info: Model `HTML' substituted by `rgb' on input line 1366.
Package xcolor Info: Model `Hsb' substituted by `hsb' on input line 1367.
Package xcolor Info: Model `tHsb' substituted by `hsb' on input line 1368.
Package xcolor Info: Model `HSB' substituted by `hsb' on input line 1369.
Package xcolor Info: Model `Gray' substituted by `gray' on input line 1370.
Package xcolor Info: Model `wave' substituted by `hsb' on input line 1371.
)
(/usr/local/texlive/2018/texmf-dist/tex/generic/pgf/basiclayer/pgfcore.code.tex
Package: pgfcore 2010/04/11 v3.0.1a (rcs-revision 1.7)
(/usr/local/texlive/2018/texmf-dist/tex/generic/pgf/math/pgfmath.code.tex
(/usr/local/texlive/2018/texmf-dist/tex/generic/pgf/math/pgfmathcalc.code.tex
(/usr/local/texlive/2018/texmf-dist/tex/generic/pgf/math/pgfmathutil.code.tex)
(/usr/local/texlive/2018/texmf-dist/tex/generic/pgf/math/pgfmathparser.code.tex
\pgfmath@dimen=\dimen133
\pgfmath@count=\count121
\pgfmath@box=\box31
\pgfmath@toks=\toks33
\pgfmath@stack@operand=\toks34
\pgfmath@stack@operation=\toks35
)
(/usr/local/texlive/2018/texmf-dist/tex/generic/pgf/math/pgfmathfunctions.code.
tex
(/usr/local/texlive/2018/texmf-dist/tex/generic/pgf/math/pgfmathfunctions.basic
.code.tex)
(/usr/local/texlive/2018/texmf-dist/tex/generic/pgf/math/pgfmathfunctions.trigo
nometric.code.tex)
(/usr/local/texlive/2018/texmf-dist/tex/generic/pgf/math/pgfmathfunctions.rando
m.code.tex)
(/usr/local/texlive/2018/texmf-dist/tex/generic/pgf/math/pgfmathfunctions.compa
rison.code.tex)
(/usr/local/texlive/2018/texmf-dist/tex/generic/pgf/math/pgfmathfunctions.base.
code.tex)
(/usr/local/texlive/2018/texmf-dist/tex/generic/pgf/math/pgfmathfunctions.round
.code.tex)
(/usr/local/texlive/2018/texmf-dist/tex/generic/pgf/math/pgfmathfunctions.misc.
code.tex)
(/usr/local/texlive/2018/texmf-dist/tex/generic/pgf/math/pgfmathfunctions.integ
erarithmetics.code.tex)))
(/usr/local/texlive/2018/texmf-dist/tex/generic/pgf/math/pgfmathfloat.code.tex
\c@pgfmathroundto@lastzeros=\count122
))
(/usr/local/texlive/2018/texmf-dist/tex/generic/pgf/basiclayer/pgfcorepoints.co
de.tex
File: pgfcorepoints.code.tex 2013/10/07  (rcs-revision 1.27)
\pgf@picminx=\dimen134
\pgf@picmaxx=\dimen135
\pgf@picminy=\dimen136
\pgf@picmaxy=\dimen137
\pgf@pathminx=\dimen138
\pgf@pathmaxx=\dimen139
\pgf@pathminy=\dimen140
\pgf@pathmaxy=\dimen141
\pgf@xx=\dimen142
\pgf@xy=\dimen143
\pgf@yx=\dimen144
\pgf@yy=\dimen145
\pgf@zx=\dimen146
\pgf@zy=\dimen147
)
(/usr/local/texlive/2018/texmf-dist/tex/generic/pgf/basiclayer/pgfcorepathconst
ruct.code.tex
File: pgfcorepathconstruct.code.tex 2013/10/07  (rcs-revision 1.29)
\pgf@path@lastx=\dimen148
\pgf@path@lasty=\dimen149
)
(/usr/local/texlive/2018/texmf-dist/tex/generic/pgf/basiclayer/pgfcorepathusage
.code.tex
File: pgfcorepathusage.code.tex 2014/11/02  (rcs-revision 1.24)
\pgf@shorten@end@additional=\dimen150
\pgf@shorten@start@additional=\dimen151
)
(/usr/local/texlive/2018/texmf-dist/tex/generic/pgf/basiclayer/pgfcorescopes.co
de.tex
File: pgfcorescopes.code.tex 2015/05/08  (rcs-revision 1.46)
\pgfpic=\box32
\pgf@hbox=\box33
\pgf@layerbox@main=\box34
\pgf@picture@serial@count=\count123
)
(/usr/local/texlive/2018/texmf-dist/tex/generic/pgf/basiclayer/pgfcoregraphicst
ate.code.tex
File: pgfcoregraphicstate.code.tex 2014/11/02  (rcs-revision 1.12)
\pgflinewidth=\dimen152
)
(/usr/local/texlive/2018/texmf-dist/tex/generic/pgf/basiclayer/pgfcoretransform
ations.code.tex
File: pgfcoretransformations.code.tex 2015/08/07  (rcs-revision 1.20)
\pgf@pt@x=\dimen153
\pgf@pt@y=\dimen154
\pgf@pt@temp=\dimen155
)
(/usr/local/texlive/2018/texmf-dist/tex/generic/pgf/basiclayer/pgfcorequick.cod
e.tex
File: pgfcorequick.code.tex 2008/10/09  (rcs-revision 1.3)
)
(/usr/local/texlive/2018/texmf-dist/tex/generic/pgf/basiclayer/pgfcoreobjects.c
ode.tex
File: pgfcoreobjects.code.tex 2006/10/11  (rcs-revision 1.2)
)
(/usr/local/texlive/2018/texmf-dist/tex/generic/pgf/basiclayer/pgfcorepathproce
ssing.code.tex
File: pgfcorepathprocessing.code.tex 2013/09/09  (rcs-revision 1.9)
)
(/usr/local/texlive/2018/texmf-dist/tex/generic/pgf/basiclayer/pgfcorearrows.co
de.tex
File: pgfcorearrows.code.tex 2015/05/14  (rcs-revision 1.43)
\pgfarrowsep=\dimen156
)
(/usr/local/texlive/2018/texmf-dist/tex/generic/pgf/basiclayer/pgfcoreshade.cod
e.tex
File: pgfcoreshade.code.tex 2013/07/15  (rcs-revision 1.15)
\pgf@max=\dimen157
\pgf@sys@shading@range@num=\count124
)
(/usr/local/texlive/2018/texmf-dist/tex/generic/pgf/basiclayer/pgfcoreimage.cod
e.tex
File: pgfcoreimage.code.tex 2013/07/15  (rcs-revision 1.18)

(/usr/local/texlive/2018/texmf-dist/tex/generic/pgf/basiclayer/pgfcoreexternal.
code.tex
File: pgfcoreexternal.code.tex 2014/07/09  (rcs-revision 1.21)
\pgfexternal@startupbox=\box35
))
(/usr/local/texlive/2018/texmf-dist/tex/generic/pgf/basiclayer/pgfcorelayers.co
de.tex
File: pgfcorelayers.code.tex 2013/07/18  (rcs-revision 1.7)
)
(/usr/local/texlive/2018/texmf-dist/tex/generic/pgf/basiclayer/pgfcoretranspare
ncy.code.tex
File: pgfcoretransparency.code.tex 2013/09/30  (rcs-revision 1.5)
)
(/usr/local/texlive/2018/texmf-dist/tex/generic/pgf/basiclayer/pgfcorepatterns.
code.tex
File: pgfcorepatterns.code.tex 2013/11/07  (rcs-revision 1.5)
)))
(/usr/local/texlive/2018/texmf-dist/tex/generic/pgf/modules/pgfmoduleshapes.cod
e.tex
File: pgfmoduleshapes.code.tex 2014/03/21  (rcs-revision 1.35)
\pgfnodeparttextbox=\box36
)
(/usr/local/texlive/2018/texmf-dist/tex/generic/pgf/modules/pgfmoduleplot.code.
tex
File: pgfmoduleplot.code.tex 2015/08/03  (rcs-revision 1.13)
)
(/usr/local/texlive/2018/texmf-dist/tex/latex/pgf/compatibility/pgfcomp-version
-0-65.sty
Package: pgfcomp-version-0-65 2007/07/03 v3.0.1a (rcs-revision 1.7)
\pgf@nodesepstart=\dimen158
\pgf@nodesepend=\dimen159
)
(/usr/local/texlive/2018/texmf-dist/tex/latex/pgf/compatibility/pgfcomp-version
-1-18.sty
Package: pgfcomp-version-1-18 2007/07/23 v3.0.1a (rcs-revision 1.1)
))
(/usr/local/texlive/2018/texmf-dist/tex/latex/pgf/utilities/pgffor.sty
(/usr/local/texlive/2018/texmf-dist/tex/latex/pgf/utilities/pgfkeys.sty
(/usr/local/texlive/2018/texmf-dist/tex/generic/pgf/utilities/pgfkeys.code.tex)
) (/usr/local/texlive/2018/texmf-dist/tex/latex/pgf/math/pgfmath.sty
(/usr/local/texlive/2018/texmf-dist/tex/generic/pgf/math/pgfmath.code.tex))
(/usr/local/texlive/2018/texmf-dist/tex/generic/pgf/utilities/pgffor.code.tex
Package: pgffor 2013/12/13 v3.0.1a (rcs-revision 1.25)

(/usr/local/texlive/2018/texmf-dist/tex/generic/pgf/math/pgfmath.code.tex)
\pgffor@iter=\dimen160
\pgffor@skip=\dimen161
\pgffor@stack=\toks36
\pgffor@toks=\toks37
))
(/usr/local/texlive/2018/texmf-dist/tex/generic/pgf/frontendlayer/tikz/tikz.cod
e.tex
Package: tikz 2015/08/07 v3.0.1a (rcs-revision 1.151)

(/usr/local/texlive/2018/texmf-dist/tex/generic/pgf/libraries/pgflibraryplothan
dlers.code.tex
File: pgflibraryplothandlers.code.tex 2013/08/31 v3.0.1a (rcs-revision 1.20)
\pgf@plot@mark@count=\count125
\pgfplotmarksize=\dimen162
)
\tikz@lastx=\dimen163
\tikz@lasty=\dimen164
\tikz@lastxsaved=\dimen165
\tikz@lastysaved=\dimen166
\tikzleveldistance=\dimen167
\tikzsiblingdistance=\dimen168
\tikz@figbox=\box37
\tikz@figbox@bg=\box38
\tikz@tempbox=\box39
\tikz@tempbox@bg=\box40
\tikztreelevel=\count126
\tikznumberofchildren=\count127
\tikznumberofcurrentchild=\count128
\tikz@fig@count=\count129

(/usr/local/texlive/2018/texmf-dist/tex/generic/pgf/modules/pgfmodulematrix.cod
e.tex
File: pgfmodulematrix.code.tex 2013/09/17  (rcs-revision 1.8)
\pgfmatrixcurrentrow=\count130
\pgfmatrixcurrentcolumn=\count131
\pgf@matrix@numberofcolumns=\count132
)
\tikz@expandcount=\count133

(/usr/local/texlive/2018/texmf-dist/tex/generic/pgf/frontendlayer/tikz/librarie
s/tikzlibrarytopaths.code.tex
File: tikzlibrarytopaths.code.tex 2008/06/17 v3.0.1a (rcs-revision 1.2)
)))
(/usr/local/texlive/2018/texmf-dist/tex/latex/pgfplots/pgfplots.sty
(/usr/local/texlive/2018/texmf-dist/tex/generic/pgfplots/pgfplots.revision.tex)
Package: pgfplots 2018/03/28 v1.16 Data Visualization (1.16)
(/usr/local/texlive/2018/texmf-dist/tex/generic/pgfplots/pgfplots.code.tex
(/usr/local/texlive/2018/texmf-dist/tex/generic/pgfplots/pgfplotscore.code.tex
\t@pgfplots@toka=\toks38
\t@pgfplots@tokb=\toks39
\t@pgfplots@tokc=\toks40
\pgfplots@tmpa=\dimen169
\c@pgfplots@coordindex=\count134
\c@pgfplots@scanlineindex=\count135

(/usr/local/texlive/2018/texmf-dist/tex/generic/pgfplots/sys/pgfplotssysgeneric
.code.tex))
(/usr/local/texlive/2018/texmf-dist/tex/generic/pgfplots/libs/pgfplotslibrary.c
ode.tex)
(/usr/local/texlive/2018/texmf-dist/tex/generic/pgfplots/oldpgfcompatib/pgfplot
soldpgfsupp_loader.code.tex
(/usr/local/texlive/2018/texmf-dist/tex/generic/pgf/libraries/pgflibraryfpu.cod
e.tex)
Package pgfplots: loading complementary arithmetics for your pgf version...

(/usr/local/texlive/2018/texmf-dist/tex/generic/pgfplots/oldpgfcompatib/pgfplot
soldpgfsupp_pgflibraryfpu.code.tex)
(/usr/local/texlive/2018/texmf-dist/tex/generic/pgfplots/oldpgfcompatib/pgfplot
soldpgfsupp_pgfmathfloat.code.tex
\c@pgfmathroundto@lastzeros=\count136
)
(/usr/local/texlive/2018/texmf-dist/tex/generic/pgfplots/oldpgfcompatib/pgfplot
soldpgfsupp_leq.code.tex))
(/usr/local/texlive/2018/texmf-dist/tex/generic/pgfplots/util/pgfplotsutil.code
.tex
(/usr/local/texlive/2018/texmf-dist/tex/generic/pgfplots/liststructure/pgfplots
liststructure.code.tex)
(/usr/local/texlive/2018/texmf-dist/tex/generic/pgfplots/liststructure/pgfplots
liststructureext.code.tex)
(/usr/local/texlive/2018/texmf-dist/tex/generic/pgfplots/liststructure/pgfplots
array.code.tex
\c@pgfplotsarray@tmp=\count137
)
(/usr/local/texlive/2018/texmf-dist/tex/generic/pgfplots/liststructure/pgfplots
matrix.code.tex)
(/usr/local/texlive/2018/texmf-dist/tex/generic/pgfplots/numtable/pgfplotstable
shared.code.tex
\c@pgfplotstable@counta=\count138
\t@pgfplotstable@a=\toks41
)
(/usr/local/texlive/2018/texmf-dist/tex/generic/pgfplots/liststructure/pgfplots
deque.code.tex)
(/usr/local/texlive/2018/texmf-dist/tex/generic/pgfplots/util/pgfplotsbinary.co
de.tex
(/usr/local/texlive/2018/texmf-dist/tex/generic/pgfplots/util/pgfplotsbinary.da
ta.code.tex))
(/usr/local/texlive/2018/texmf-dist/tex/generic/pgfplots/util/pgfplotsutil.verb
.code.tex)
(/usr/local/texlive/2018/texmf-dist/tex/generic/pgfplots/libs/pgflibrarypgfplot
s.surfshading.code.tex
\c@pgfplotslibrarysurf@no=\count139

(/usr/local/texlive/2018/texmf-dist/tex/generic/pgfplots/sys/pgflibrarypgfplots
.surfshading.pgfsys-pdftex.def)))
(/usr/local/texlive/2018/texmf-dist/tex/generic/pgfplots/util/pgfplotscolormap.
code.tex
(/usr/local/texlive/2018/texmf-dist/tex/generic/pgfplots/util/pgfplotscolor.cod
e.tex))
(/usr/local/texlive/2018/texmf-dist/tex/generic/pgfplots/pgfplotsstackedplots.c
ode.tex)
(/usr/local/texlive/2018/texmf-dist/tex/generic/pgfplots/pgfplotsplothandlers.c
ode.tex
(/usr/local/texlive/2018/texmf-dist/tex/generic/pgfplots/pgfplotsmeshplothandle
r.code.tex
(/usr/local/texlive/2018/texmf-dist/tex/generic/pgfplots/pgfplotsmeshplotimage.
code.tex)))
(/usr/local/texlive/2018/texmf-dist/tex/generic/pgfplots/pgfplots.scaling.code.
tex)
(/usr/local/texlive/2018/texmf-dist/tex/generic/pgfplots/pgfplotscoordprocessin
g.code.tex)
(/usr/local/texlive/2018/texmf-dist/tex/generic/pgfplots/pgfplots.errorbars.cod
e.tex)
(/usr/local/texlive/2018/texmf-dist/tex/generic/pgfplots/pgfplots.markers.code.
tex)
(/usr/local/texlive/2018/texmf-dist/tex/generic/pgfplots/pgfplotsticks.code.tex
)
(/usr/local/texlive/2018/texmf-dist/tex/generic/pgfplots/pgfplots.paths.code.te
x)
(/usr/local/texlive/2018/texmf-dist/tex/generic/pgf/frontendlayer/tikz/librarie
s/tikzlibrarydecorations.code.tex
(/usr/local/texlive/2018/texmf-dist/tex/generic/pgf/modules/pgfmoduledecoration
s.code.tex
\pgfdecoratedcompleteddistance=\dimen170
\pgfdecoratedremainingdistance=\dimen171
\pgfdecoratedinputsegmentcompleteddistance=\dimen172
\pgfdecoratedinputsegmentremainingdistance=\dimen173
\pgf@decorate@distancetomove=\dimen174
\pgf@decorate@repeatstate=\count140
\pgfdecorationsegmentamplitude=\dimen175
\pgfdecorationsegmentlength=\dimen176
)
\tikz@lib@dec@box=\box41
)
(/usr/local/texlive/2018/texmf-dist/tex/generic/pgf/frontendlayer/tikz/librarie
s/tikzlibrarydecorations.pathmorphing.code.tex
(/usr/local/texlive/2018/texmf-dist/tex/generic/pgf/libraries/decorations/pgfli
brarydecorations.pathmorphing.code.tex))
(/usr/local/texlive/2018/texmf-dist/tex/generic/pgf/frontendlayer/tikz/librarie
s/tikzlibrarydecorations.pathreplacing.code.tex
(/usr/local/texlive/2018/texmf-dist/tex/generic/pgf/libraries/decorations/pgfli
brarydecorations.pathreplacing.code.tex))
\pgfplots@numplots=\count141
\pgfplots@xmin@reg=\dimen177
\pgfplots@xmax@reg=\dimen178
\pgfplots@ymin@reg=\dimen179
\pgfplots@ymax@reg=\dimen180
\pgfplots@zmin@reg=\dimen181
\pgfplots@zmax@reg=\dimen182
)
(/usr/local/texlive/2018/texmf-dist/tex/generic/pgf/frontendlayer/tikz/librarie
s/tikzlibraryplotmarks.code.tex
File: tikzlibraryplotmarks.code.tex 2008/01/09 v3.0.1a (rcs-revision 1.1)

(/usr/local/texlive/2018/texmf-dist/tex/generic/pgf/libraries/pgflibraryplotmar
ks.code.tex
File: pgflibraryplotmarks.code.tex 2015/08/03 v3.0.1a (rcs-revision 1.14)
)))
(/usr/local/texlive/2018/texmf-dist/tex/generic/pgf/frontendlayer/tikz/librarie
s/tikzlibrarycalc.code.tex
File: tikzlibrarycalc.code.tex 2013/07/15 v3.0.1a (rcs-revision 1.9)
)
(/usr/local/texlive/2018/texmf-dist/tex/latex/romannum/romannum.sty
Package: romannum 2009/09/03 v1.0b roman numerals

(/usr/local/texlive/2018/texmf-dist/tex/latex/stdclsdv/stdclsdv.sty
Package: stdclsdv 2009/09/04 v1.1a Sectional divisions
))
(/usr/local/texlive/2018/texmf-dist/tex/latex/siunitx/siunitx.sty
(/usr/local/texlive/2018/texmf-dist/tex/latex/l3kernel/expl3.sty
Package: expl3 2018/03/05 L3 programming layer (loader) 

(/usr/local/texlive/2018/texmf-dist/tex/latex/l3kernel/expl3-code.tex
Package: expl3 2018/03/05 L3 programming layer (code)
\c_max_int=\count142
\l_tmpa_int=\count143
\l_tmpb_int=\count144
\g_tmpa_int=\count145
\g_tmpb_int=\count146
\g__intarray_font_int=\count147
\g__prg_map_int=\count148
\c_log_iow=\count149
\l_iow_line_count_int=\count150
\l__iow_line_target_int=\count151
\l__iow_one_indent_int=\count152
\l__iow_indent_int=\count153
\c_zero_dim=\dimen183
\c_max_dim=\dimen184
\l_tmpa_dim=\dimen185
\l_tmpb_dim=\dimen186
\g_tmpa_dim=\dimen187
\g_tmpb_dim=\dimen188
\c_zero_skip=\skip46
\c_max_skip=\skip47
\l_tmpa_skip=\skip48
\l_tmpb_skip=\skip49
\g_tmpa_skip=\skip50
\g_tmpb_skip=\skip51
\c_zero_muskip=\muskip11
\c_max_muskip=\muskip12
\l_tmpa_muskip=\muskip13
\l_tmpb_muskip=\muskip14
\g_tmpa_muskip=\muskip15
\g_tmpb_muskip=\muskip16
\l_keys_choice_int=\count154
\c__fp_leading_shift_int=\count155
\c__fp_middle_shift_int=\count156
\c__fp_trailing_shift_int=\count157
\c__fp_big_leading_shift_int=\count158
\c__fp_big_middle_shift_int=\count159
\c__fp_big_trailing_shift_int=\count160
\c__fp_Bigg_leading_shift_int=\count161
\c__fp_Bigg_middle_shift_int=\count162
\c__fp_Bigg_trailing_shift_int=\count163
\c__fp_rand_size_int=\count164
\c__fp_rand_four_int=\count165
\c__fp_rand_eight_int=\count166
\l__sort_length_int=\count167
\l__sort_min_int=\count168
\l__sort_top_int=\count169
\l__sort_max_int=\count170
\l__sort_true_max_int=\count171
\l__sort_block_int=\count172
\l__sort_begin_int=\count173
\l__sort_end_int=\count174
\l__sort_A_int=\count175
\l__sort_B_int=\count176
\l__sort_C_int=\count177
\l__tl_build_start_index_int=\count178
\l__tl_build_index_int=\count179
\l__tl_analysis_normal_int=\count180
\l__tl_analysis_index_int=\count181
\l__tl_analysis_nesting_int=\count182
\l__tl_analysis_type_int=\count183
\l__regex_internal_a_int=\count184
\l__regex_internal_b_int=\count185
\l__regex_internal_c_int=\count186
\l__regex_balance_int=\count187
\l__regex_group_level_int=\count188
\l__regex_mode_int=\count189
\c__regex_cs_in_class_mode_int=\count190
\c__regex_cs_mode_int=\count191
\l__regex_catcodes_int=\count192
\l__regex_default_catcodes_int=\count193
\c__regex_catcode_D_int=\count194
\c__regex_catcode_S_int=\count195
\c__regex_catcode_L_int=\count196
\c__regex_catcode_O_int=\count197
\c__regex_catcode_A_int=\count198
\c__regex_all_catcodes_int=\count199
\l__regex_show_lines_int=\count266
\l__regex_min_state_int=\count267
\l__regex_max_state_int=\count268
\l__regex_left_state_int=\count269
\l__regex_right_state_int=\count270
\l__regex_capturing_group_int=\count271
\l__regex_min_pos_int=\count272
\l__regex_max_pos_int=\count273
\l__regex_curr_pos_int=\count274
\l__regex_start_pos_int=\count275
\l__regex_success_pos_int=\count276
\l__regex_curr_char_int=\count277
\l__regex_curr_catcode_int=\count278
\l__regex_last_char_int=\count279
\l__regex_case_changed_char_int=\count280
\l__regex_curr_state_int=\count281
\l__regex_step_int=\count282
\l__regex_min_active_int=\count283
\l__regex_max_active_int=\count284
\l__regex_replacement_csnames_int=\count285
\l__regex_match_count_int=\count286
\l__regex_min_submatch_int=\count287
\l__regex_submatch_int=\count288
\l__regex_zeroth_submatch_int=\count289
\g__regex_trace_regex_int=\count290
\c_empty_box=\box42
\l_tmpa_box=\box43
\l_tmpb_box=\box44
\g_tmpa_box=\box45
\g_tmpb_box=\box46
\l__box_top_dim=\dimen189
\l__box_bottom_dim=\dimen190
\l__box_left_dim=\dimen191
\l__box_right_dim=\dimen192
\l__box_top_new_dim=\dimen193
\l__box_bottom_new_dim=\dimen194
\l__box_left_new_dim=\dimen195
\l__box_right_new_dim=\dimen196
\l__box_internal_box=\box47
\l__coffin_internal_box=\box48
\l__coffin_internal_dim=\dimen197
\l__coffin_offset_x_dim=\dimen198
\l__coffin_offset_y_dim=\dimen199
\l__coffin_x_dim=\dimen256
\l__coffin_y_dim=\dimen257
\l__coffin_x_prime_dim=\dimen258
\l__coffin_y_prime_dim=\dimen259
\c_empty_coffin=\box49
\l__coffin_aligned_coffin=\box50
\l__coffin_aligned_internal_coffin=\box51
\l_tmpa_coffin=\box52
\l_tmpb_coffin=\box53
\l__coffin_display_coffin=\box54
\l__coffin_display_coord_coffin=\box55
\l__coffin_display_pole_coffin=\box56
\l__coffin_display_offset_dim=\dimen260
\l__coffin_display_x_dim=\dimen261
\l__coffin_display_y_dim=\dimen262
\l__coffin_bounding_shift_dim=\dimen263
\l__coffin_left_corner_dim=\dimen264
\l__coffin_right_corner_dim=\dimen265
\l__coffin_bottom_corner_dim=\dimen266
\l__coffin_top_corner_dim=\dimen267
\l__coffin_scaled_total_height_dim=\dimen268
\l__coffin_scaled_width_dim=\dimen269
)
(/usr/local/texlive/2018/texmf-dist/tex/latex/l3kernel/l3pdfmode.def
File: l3pdfmode.def 2017/03/18 v L3 Experimental driver: PDF mode
\l__driver_color_stack_int=\count291
))
(/usr/local/texlive/2018/texmf-dist/tex/latex/l3packages/xparse/xparse.sty
Package: xparse 2018/02/21 L3 Experimental document command parser
\l__xparse_current_arg_int=\count292
\g__xparse_grabber_int=\count293
\l__xparse_m_args_int=\count294
\l__xparse_mandatory_args_int=\count295
\l__xparse_v_nesting_int=\count296
)
Package: siunitx 2018-03-20 v2.7m A comprehensive (SI) units package

(/usr/local/texlive/2018/texmf-dist/tex/latex/tools/array.sty
Package: array 2018/04/07 v2.4g Tabular extension package (FMi)
\col@sep=\dimen270
\ar@mcellbox=\box57
\extrarowheight=\dimen271
\NC@list=\toks42
\extratabsurround=\skip52
\backup@length=\skip53
\ar@cellbox=\box58
)
(/usr/local/texlive/2018/texmf-dist/tex/latex/l3packages/l3keys2e/l3keys2e.sty
Package: l3keys2e 2018/02/21 LaTeX2e option processing using LaTeX3 keys
)
\l__siunitx_tmp_box=\box59
\l__siunitx_tmp_dim=\dimen272
\l__siunitx_tmp_int=\count297
\l__siunitx_number_mantissa_length_int=\count298
\l__siunitx_number_uncert_length_int=\count299
\l__siunitx_round_int=\count300
\l__siunitx_process_decimal_int=\count301
\l__siunitx_process_uncertainty_int=\count302
\l__siunitx_process_fixed_int=\count303
\l__siunitx_process_integer_min_int=\count304
\l__siunitx_process_precision_int=\count305
\l__siunitx_group_min_int=\count306
\l__siunitx_angle_marker_box=\box60
\l__siunitx_angle_unit_box=\box61
\l__siunitx_angle_marker_dim=\dimen273
\l__siunitx_angle_unit_dim=\dimen274
\l__siunitx_unit_int=\count307
\l__siunitx_unit_denominator_int=\count308
\l__siunitx_unit_numerator_int=\count309
\l__siunitx_unit_prefix_int=\count310
\l__siunitx_unit_prefix_base_int=\count311
\l__siunitx_unit_prefix_gram_int=\count312
\l__siunitx_number_product_int=\count313
\c__siunitx_one_fill_skip=\skip54
\l__siunitx_table_unit_align_skip=\skip55
\l__siunitx_table_exponent_dim=\dimen275
\l__siunitx_table_integer_dim=\dimen276
\l__siunitx_table_mantissa_dim=\dimen277
\l__siunitx_table_marker_dim=\dimen278
\l__siunitx_table_result_dim=\dimen279
\l__siunitx_table_uncert_dim=\dimen280
\l__siunitx_table_fill_pre_dim=\dimen281
\l__siunitx_table_fill_post_dim=\dimen282
\l__siunitx_table_fill_mid_dim=\dimen283
\l__siunitx_table_pre_box=\box62
\l__siunitx_table_post_box=\box63
\l__siunitx_table_mantissa_box=\box64
\l__siunitx_table_result_box=\box65
\l__siunitx_table_number_align_skip=\skip56
\l__siunitx_table_text_align_skip=\skip57
.................................................
. LaTeX info: "xparse/define-command"
. 
. Defining command \DeclareBinaryPrefix with sig. 'mmm' on line 7244.
.................................................
.................................................
. LaTeX info: "xparse/define-command"
. 
. Defining command \DeclareSIPostPower with sig. 'mm' on line 7247.
.................................................
.................................................
. LaTeX info: "xparse/define-command"
. 
. Defining command \DeclareSIPrefix with sig. 'mmm' on line 7250.
.................................................
.................................................
. LaTeX info: "xparse/define-command"
. 
. Defining command \DeclareSIPrePower with sig. 'mm' on line 7253.
.................................................
.................................................
. LaTeX info: "xparse/define-command"
. 
. Defining command \DeclareSIQualifier with sig. 'mm' on line 7256.
.................................................
.................................................
. LaTeX info: "xparse/define-command"
. 
. Defining command \DeclareSIUnit with sig. 'O{}mm' on line 7259.
.................................................
.................................................
. LaTeX info: "xparse/define-command"
. 
. Defining command \DeclareSIUnitWithOptions with sig. 'mmm' on line 7262.
.................................................
.................................................
. LaTeX info: "xparse/define-command"
. 
. Defining command \ang with sig. 'o>{\SplitArgument {2}{;}}m' on line 7277.
.................................................
.................................................
. LaTeX info: "xparse/define-command"
. 
. Defining command \num with sig. 'om' on line 7286.
.................................................
.................................................
. LaTeX info: "xparse/define-command"
. 
. Defining command \numlist with sig. 'o>{\SplitList {;}}m' on line 7295.
.................................................
.................................................
. LaTeX info: "xparse/define-command"
. 
. Defining command \numrange with sig. 'omm' on line 7304.
.................................................
.................................................
. LaTeX info: "xparse/define-command"
. 
. Defining command \SIlist with sig. 'o>{\SplitList {;}}mm' on line 7316.
.................................................
.................................................
. LaTeX info: "xparse/define-command"
. 
. Defining command \SIrange with sig. 'ommm' on line 7328.
.................................................
.................................................
. LaTeX info: "xparse/define-command"
. 
. Defining command \SI with sig. 'omom' on line 7340.
.................................................
.................................................
. LaTeX info: "xparse/define-command"
. 
. Defining command \sisetup with sig. 'm' on line 7343.
.................................................
.................................................
. LaTeX info: "xparse/define-command"
. 
. Defining command \tablenum with sig. 'om' on line 7358.
.................................................
.................................................
. LaTeX info: "xparse/define-command"
. 
. Defining command \si with sig. 'om' on line 7370.
.................................................
.................................................
. LaTeX info: "xparse/define-command"
. 
. Defining command \numInBookmark with sig. 'om' on line 7417.
.................................................
.................................................
. LaTeX info: "xparse/define-command"
. 
. Defining command \numrangeInBookmark with sig. 'omm' on line 7419.
.................................................
.................................................
. LaTeX info: "xparse/define-command"
. 
. Defining command \SIInBookmark with sig. 'omom' on line 7421.
.................................................
.................................................
. LaTeX info: "xparse/define-command"
. 
. Defining command \SIlistInBookmark with sig. 'omm' on line 7423.
.................................................
.................................................
. LaTeX info: "xparse/define-command"
. 
. Defining command \SIrangeInBookmark with sig. 'ommm' on line 7425.
.................................................
.................................................
. LaTeX info: "xparse/define-command"
. 
. Defining command \siInBookmark with sig. 'om' on line 7426.
.................................................
\g__file_internal_ior=\read2
(/usr/local/texlive/2018/texmf-dist/tex/latex/translator/translator.sty
Package: translator 2018/01/04 v1.12 Easy translation of strings in LaTeX
))
(/usr/local/texlive/2018/texmf-dist/tex/generic/chemfig/chemfig.sty
(/usr/local/texlive/2018/texmf-dist/tex/generic/chemfig/chemfig.tex
(/usr/local/texlive/2018/texmf-dist/tex/generic/simplekv/simplekv.tex)
(/usr/local/texlive/2018/texmf-dist/tex/generic/pgf/libraries/pgflibraryarrows.
meta.code.tex
File: pgflibraryarrows.meta.code.tex 2015/05/13 v3.0.1a (rcs-revision 1.13)
\pgfarrowinset=\dimen284
\pgfarrowlength=\dimen285
\pgfarrowwidth=\dimen286
\pgfarrowlinewidth=\dimen287
)
\CF@cnt@atomingroup=\count314
\CF@cnt@groupnumber=\count315
\CF@cnt@atomnumber=\count316
\CF@cnt@cycle=\count317
\CF@compound@cnt=\count318
\CF@dim=\dimen288
\CF@arrow@size=\dimen289
\CF@lewis@box=\box66
\CF@box@boxa=\box67
\CF@stuff@box=\box68
)
Package: chemfig 2018/04/05 v1.31 Draw molecule with an easy syntax (CT)
)
(/usr/local/texlive/2018/texmf-dist/tex/latex/natbib/natbib.sty
Package: natbib 2010/09/13 8.31b (PWD, AO)
\bibhang=\skip58
\bibsep=\skip59
LaTeX Info: Redefining \cite on input line 694.
\c@NAT@ctr=\count319
)
(/usr/local/texlive/2018/texmf-dist/tex/latex/hyperref/hyperref.sty
Package: hyperref 2018/02/06 v6.86b Hypertext links for LaTeX

(/usr/local/texlive/2018/texmf-dist/tex/generic/oberdiek/hobsub-hyperref.sty
Package: hobsub-hyperref 2016/05/16 v1.14 Bundle oberdiek, subset hyperref (HO)


(/usr/local/texlive/2018/texmf-dist/tex/generic/oberdiek/hobsub-generic.sty
Package: hobsub-generic 2016/05/16 v1.14 Bundle oberdiek, subset generic (HO)
Package: hobsub 2016/05/16 v1.14 Construct package bundles (HO)
Package: infwarerr 2016/05/16 v1.4 Providing info/warning/error messages (HO)
Package: ltxcmds 2016/05/16 v1.23 LaTeX kernel commands for general use (HO)
Package: ifluatex 2016/05/16 v1.4 Provides the ifluatex switch (HO)
Package ifluatex Info: LuaTeX not detected.
Package: ifvtex 2016/05/16 v1.6 Detect VTeX and its facilities (HO)
Package ifvtex Info: VTeX not detected.
Package: intcalc 2016/05/16 v1.2 Expandable calculations with integers (HO)
Package: ifpdf 2017/03/15 v3.2 Provides the ifpdf switch
Package: etexcmds 2016/05/16 v1.6 Avoid name clashes with e-TeX commands (HO)
Package etexcmds Info: Could not find \expanded.
(etexcmds)             That can mean that you are not using pdfTeX 1.50 or
(etexcmds)             that some package has redefined \expanded.
(etexcmds)             In the latter case, load this package earlier.
Package: kvsetkeys 2016/05/16 v1.17 Key value parser (HO)
Package: kvdefinekeys 2016/05/16 v1.4 Define keys (HO)
Package: pdftexcmds 2018/01/30 v0.27 Utility functions of pdfTeX for LuaTeX (HO
)
Package pdftexcmds Info: LuaTeX not detected.
Package pdftexcmds Info: \pdf@primitive is available.
Package pdftexcmds Info: \pdf@ifprimitive is available.
Package pdftexcmds Info: \pdfdraftmode found.
Package: pdfescape 2016/05/16 v1.14 Implements pdfTeX's escape features (HO)
Package: bigintcalc 2016/05/16 v1.4 Expandable calculations on big integers (HO
)
Package: bitset 2016/05/16 v1.2 Handle bit-vector datatype (HO)
Package: uniquecounter 2016/05/16 v1.3 Provide unlimited unique counter (HO)
)
Package hobsub Info: Skipping package `hobsub' (already loaded).
Package: letltxmacro 2016/05/16 v1.5 Let assignment for LaTeX macros (HO)
Package: hopatch 2016/05/16 v1.3 Wrapper for package hooks (HO)
Package: xcolor-patch 2016/05/16 xcolor patch
Package: atveryend 2016/05/16 v1.9 Hooks at the very end of document (HO)
Package: atbegshi 2016/06/09 v1.18 At begin shipout hook (HO)
Package: refcount 2016/05/16 v3.5 Data extraction from label references (HO)
Package: hycolor 2016/05/16 v1.8 Color options for hyperref/bookmark (HO)
)
(/usr/local/texlive/2018/texmf-dist/tex/generic/ifxetex/ifxetex.sty
Package: ifxetex 2010/09/12 v0.6 Provides ifxetex conditional
)
(/usr/local/texlive/2018/texmf-dist/tex/latex/oberdiek/auxhook.sty
Package: auxhook 2016/05/16 v1.4 Hooks for auxiliary files (HO)
)
(/usr/local/texlive/2018/texmf-dist/tex/latex/oberdiek/kvoptions.sty
Package: kvoptions 2016/05/16 v3.12 Key value format for package options (HO)
)
\@linkdim=\dimen290
\Hy@linkcounter=\count320
\Hy@pagecounter=\count321

(/usr/local/texlive/2018/texmf-dist/tex/latex/hyperref/pd1enc.def
File: pd1enc.def 2018/02/06 v6.86b Hyperref: PDFDocEncoding definition (HO)
Now handling font encoding PD1 ...
... no UTF-8 mapping file for font encoding PD1
)
\Hy@SavedSpaceFactor=\count322

(/usr/local/texlive/2018/texmf-dist/tex/latex/latexconfig/hyperref.cfg
File: hyperref.cfg 2002/06/06 v1.2 hyperref configuration of TeXLive
)
Package hyperref Info: Option `final' set `true' on input line 4383.


Package hyperref Warning: Option `letterpaper' is no longer used.

Package hyperref Info: Hyper figures OFF on input line 4509.
Package hyperref Info: Link nesting OFF on input line 4514.
Package hyperref Info: Hyper index ON on input line 4517.
Package hyperref Info: Plain pages OFF on input line 4524.
Package hyperref Info: Backreferencing OFF on input line 4529.
Package hyperref Info: Implicit mode ON; LaTeX internals redefined.
Package hyperref Info: Bookmarks ON on input line 4762.
LaTeX Info: Redefining \href on input line 5026.
\c@Hy@tempcnt=\count323
(/usr/local/texlive/2018/texmf-dist/tex/latex/url/url.sty
\Urlmuskip=\muskip17
Package: url 2013/09/16  ver 3.4  Verb mode for urls, etc.
)
LaTeX Info: Redefining \url on input line 5115.
\XeTeXLinkMargin=\dimen291
\Fld@menulength=\count324
\Field@Width=\dimen292
\Fld@charsize=\dimen293
Package hyperref Info: Hyper figures OFF on input line 6369.
Package hyperref Info: Link nesting OFF on input line 6374.
Package hyperref Info: Hyper index ON on input line 6377.
Package hyperref Info: backreferencing OFF on input line 6384.
Package hyperref Info: Link coloring OFF on input line 6389.
Package hyperref Info: Link coloring with OCG OFF on input line 6394.
Package hyperref Info: PDF/A mode OFF on input line 6399.
LaTeX Info: Redefining \ref on input line 6439.
LaTeX Info: Redefining \pageref on input line 6443.
\Hy@abspage=\count325
\c@Item=\count326
\c@Hfootnote=\count327
)
Package hyperref Info: Driver: hpdftex.

(/usr/local/texlive/2018/texmf-dist/tex/latex/hyperref/hpdftex.def
File: hpdftex.def 2018/02/06 v6.86b Hyperref driver for pdfTeX
\Fld@listcount=\count328
\c@bookmark@seq@number=\count329

(/usr/local/texlive/2018/texmf-dist/tex/latex/oberdiek/rerunfilecheck.sty
Package: rerunfilecheck 2016/05/16 v1.8 Rerun checks for auxiliary files (HO)
Package uniquecounter Info: New unique counter `rerunfilecheck' on input line 2
82.
)
\Hy@SectionHShift=\skip60
)
Package hyperref Info: Option `plainpages' set `false' on input line 105.


Package hyperref Warning: Option `pdfpagelabels' has already been used,
(hyperref)                setting the option has no effect on input line 105.


Package hyperref Warning: Option `bookmarks' has already been used,
(hyperref)                setting the option has no effect on input line 105.

Package hyperref Info: Option `unicode' set `false' on input line 105.
Package hyperref Info: Option `pdftoolbar' set `true' on input line 105.
Package hyperref Info: Option `pdfmenubar' set `true' on input line 105.
Package hyperref Info: Option `pdffitwindow' set `false' on input line 105.
Package hyperref Info: Option `pdfnewwindow' set `true' on input line 105.
Package hyperref Info: Option `colorlinks' set `true' on input line 105.
Package csquotes Info: Checking for multilingual support...
Package csquotes Info: ... found 'babel' package.
(./uw-ethesis.aux)
\openout1 = `uw-ethesis.aux'.

LaTeX Font Info:    Checking defaults for OML/cmm/m/it on input line 157.
LaTeX Font Info:    ... okay on input line 157.
LaTeX Font Info:    Checking defaults for T1/cmr/m/n on input line 157.
LaTeX Font Info:    ... okay on input line 157.
LaTeX Font Info:    Checking defaults for OT1/cmr/m/n on input line 157.
LaTeX Font Info:    ... okay on input line 157.
LaTeX Font Info:    Checking defaults for OMS/cmsy/m/n on input line 157.
LaTeX Font Info:    ... okay on input line 157.
LaTeX Font Info:    Checking defaults for OMX/cmex/m/n on input line 157.
LaTeX Font Info:    ... okay on input line 157.
LaTeX Font Info:    Checking defaults for U/cmr/m/n on input line 157.
LaTeX Font Info:    ... okay on input line 157.
LaTeX Font Info:    Checking defaults for PD1/pdf/m/n on input line 157.
LaTeX Font Info:    ... okay on input line 157.

(/usr/local/texlive/2018/texmf-dist/tex/context/base/mkii/supp-pdf.mkii
[Loading MPS to PDF converter (version 2006.09.02).]
\scratchcounter=\count330
\scratchdimen=\dimen294
\scratchbox=\box69
\nofMPsegments=\count331
\nofMParguments=\count332
\everyMPshowfont=\toks43
\MPscratchCnt=\count333
\MPscratchDim=\dimen295
\MPnumerator=\count334
\makeMPintoPDFobject=\count335
\everyMPtoPDFconversion=\toks44
) (/usr/local/texlive/2018/texmf-dist/tex/latex/oberdiek/epstopdf-base.sty
Package: epstopdf-base 2016/05/15 v2.6 Base part for package epstopdf

(/usr/local/texlive/2018/texmf-dist/tex/latex/oberdiek/grfext.sty
Package: grfext 2016/05/16 v1.2 Manage graphics extensions (HO)
)
Package epstopdf-base Info: Redefining graphics rule for `.eps' on input line 4
38.
Package grfext Info: Graphics extension search list:
(grfext)             [.pdf,.png,.jpg,.mps,.jpeg,.jbig2,.jb2,.PDF,.PNG,.JPG,.JPE
G,.JBIG2,.JB2,.eps]
(grfext)             \AppendGraphicsExtensions on input line 456.

(/usr/local/texlive/2018/texmf-dist/tex/latex/latexconfig/epstopdf-sys.cfg
File: epstopdf-sys.cfg 2010/07/13 v1.3 Configuration of (r)epstopdf for TeX Liv
e
))
Package caption Info: Begin \AtBeginDocument code.
Package caption Info: hyperref package is loaded.
Package caption Info: End \AtBeginDocument code.
Package csquotes Info: Making character " active on input line 157.

ABD: EveryShipout initializing macros

Package pgfplots Warning: running in backwards compatibility mode (unsuitable t
ick labels; missing features). Consider writing \pgfplotsset{compat=1.16} into 
your preamble.
 on input line 157.

Now handling font encoding TS1 ...
... processing UTF-8 mapping file for font encoding TS1
(/usr/local/texlive/2018/texmf-dist/tex/latex/base/ts1enc.dfu
File: ts1enc.dfu 2018/04/05 v1.2c UTF-8 support for inputenc
   defining Unicode char U+00A2 (decimal 162)
   defining Unicode char U+00A3 (decimal 163)
   defining Unicode char U+00A4 (decimal 164)
   defining Unicode char U+00A5 (decimal 165)
   defining Unicode char U+00A6 (decimal 166)
   defining Unicode char U+00A7 (decimal 167)
   defining Unicode char U+00A8 (decimal 168)
   defining Unicode char U+00A9 (decimal 169)
   defining Unicode char U+00AA (decimal 170)
   defining Unicode char U+00AC (decimal 172)
   defining Unicode char U+00AE (decimal 174)
   defining Unicode char U+00AF (decimal 175)
   defining Unicode char U+00B0 (decimal 176)
   defining Unicode char U+00B1 (decimal 177)
   defining Unicode char U+00B2 (decimal 178)
   defining Unicode char U+00B3 (decimal 179)
   defining Unicode char U+00B4 (decimal 180)
   defining Unicode char U+00B5 (decimal 181)
   defining Unicode char U+00B6 (decimal 182)
   defining Unicode char U+00B7 (decimal 183)
   defining Unicode char U+00B9 (decimal 185)
   defining Unicode char U+00BA (decimal 186)
   defining Unicode char U+00BC (decimal 188)
   defining Unicode char U+00BD (decimal 189)
   defining Unicode char U+00BE (decimal 190)
   defining Unicode char U+00D7 (decimal 215)
   defining Unicode char U+00F7 (decimal 247)
   defining Unicode char U+0192 (decimal 402)
   defining Unicode char U+02C7 (decimal 711)
   defining Unicode char U+02D8 (decimal 728)
   defining Unicode char U+02DD (decimal 733)
   defining Unicode char U+0E3F (decimal 3647)
   defining Unicode char U+2016 (decimal 8214)
   defining Unicode char U+2020 (decimal 8224)
   defining Unicode char U+2021 (decimal 8225)
   defining Unicode char U+2022 (decimal 8226)
   defining Unicode char U+2030 (decimal 8240)
   defining Unicode char U+2031 (decimal 8241)
   defining Unicode char U+203B (decimal 8251)
   defining Unicode char U+203D (decimal 8253)
   defining Unicode char U+2044 (decimal 8260)
   defining Unicode char U+204E (decimal 8270)
   defining Unicode char U+2052 (decimal 8274)
   defining Unicode char U+20A1 (decimal 8353)
   defining Unicode char U+20A4 (decimal 8356)
   defining Unicode char U+20A6 (decimal 8358)
   defining Unicode char U+20A9 (decimal 8361)
   defining Unicode char U+20AB (decimal 8363)
   defining Unicode char U+20AC (decimal 8364)
   defining Unicode char U+20B1 (decimal 8369)
   defining Unicode char U+2103 (decimal 8451)
   defining Unicode char U+2116 (decimal 8470)
   defining Unicode char U+2117 (decimal 8471)
   defining Unicode char U+211E (decimal 8478)
   defining Unicode char U+2120 (decimal 8480)
   defining Unicode char U+2122 (decimal 8482)
   defining Unicode char U+2126 (decimal 8486)
   defining Unicode char U+2127 (decimal 8487)
   defining Unicode char U+212E (decimal 8494)
   defining Unicode char U+2190 (decimal 8592)
   defining Unicode char U+2191 (decimal 8593)
   defining Unicode char U+2192 (decimal 8594)
   defining Unicode char U+2193 (decimal 8595)
   defining Unicode char U+2329 (decimal 9001)
   defining Unicode char U+232A (decimal 9002)
   defining Unicode char U+2422 (decimal 9250)
   defining Unicode char U+25E6 (decimal 9702)
   defining Unicode char U+25EF (decimal 9711)
   defining Unicode char U+266A (decimal 9834)
   defining Unicode char U+FEFF (decimal 65279)
)
(/usr/local/texlive/2018/texmf-dist/tex/latex/translator/translator-basic-dicti
onary-English.dict
Dictionary: translator-basic-dictionary, Language: English 
)
(/usr/local/texlive/2018/texmf-dist/tex/latex/siunitx/siunitx-abbreviations.cfg
File: siunitx-abbreviations.cfg 2017/11/26 v2.7k siunitx: Abbreviated units
)
\AtBeginShipoutBox=\box70
Package hyperref Info: Link coloring ON on input line 157.
 (/usr/local/texlive/2018/texmf-dist/tex/latex/hyperref/nameref.sty
Package: nameref 2016/05/21 v2.44 Cross-referencing by name of section

(/usr/local/texlive/2018/texmf-dist/tex/generic/oberdiek/gettitlestring.sty
Package: gettitlestring 2016/05/16 v1.5 Cleanup title references (HO)
)
\c@section@level=\count336
)
LaTeX Info: Redefining \ref on input line 157.
LaTeX Info: Redefining \pageref on input line 157.
LaTeX Info: Redefining \nameref on input line 157.

(./uw-ethesis.out) (./uw-ethesis.out)
\@outlinefile=\write4
\openout4 = `uw-ethesis.out'.

LaTeX Font Info:    Try loading font information for U+msa on input line 157.

(/usr/local/texlive/2018/texmf-dist/tex/latex/amsfonts/umsa.fd
File: umsa.fd 2013/01/14 v3.01 AMS symbols A
)
LaTeX Font Info:    Try loading font information for U+msb on input line 157.

(/usr/local/texlive/2018/texmf-dist/tex/latex/amsfonts/umsb.fd
File: umsb.fd 2013/01/14 v3.01 AMS symbols B
) (./frontpgs.tex
LaTeX Font Info:    Try loading font information for OMS+cmr on input line 41.
(/usr/local/texlive/2018/texmf-dist/tex/latex/base/omscmr.fd
File: omscmr.fd 2014/09/29 v2.5h Standard LaTeX font definitions
)
LaTeX Font Info:    Font shape `OMS/cmr/m/n' in size <12> not available
(Font)              Font shape `OMS/cmsy/m/n' tried instead on input line 41.
 [1



{/usr/local/texlive/2018/texmf-var/fonts/map/pdftex/updmap/pdftex.map}] [2


] [3


] [4


]
(./uw-ethesis.toc [5




] [6])
\tf@toc=\write5
\openout5 = `uw-ethesis.toc'.

 [7] (./uw-ethesis.lof [8




] [9])
\tf@lof=\write6
\openout6 = `uw-ethesis.lof'.

 [10])
(./introduction/introduction.tex
Chapter 1.
[1




] [2] [3]
<./introduction/graphs/PEO600.png, id=372, 642.4pt x 321.2pt>
File: ./introduction/graphs/PEO600.png Graphic file (type png)
<use ./introduction/graphs/PEO600.png>
Package pdftex.def Info: ./introduction/graphs/PEO600.png  used on input line 7
7.
(pdftex.def)             Requested size: 138.21777pt x 69.10565pt.


Package hyperref Warning: Token not allowed in a PDF string (PDFDocEncoding):
(hyperref)                removing `math shift' on input line 82.


Package hyperref Warning: Token not allowed in a PDF string (PDFDocEncoding):
(hyperref)                removing `math shift' on input line 82.

[4 <./introduction/graphs/PEO600.png>] [5]) (./evaporation/evaporation.tex
[6]
Chapter 2.
[7


]
<./evaporation/graphs/Gvsrho.png, id=420, 153.2124pt x 188.3838pt>
File: ./evaporation/graphs/Gvsrho.png Graphic file (type png)
<use ./evaporation/graphs/Gvsrho.png>
Package pdftex.def Info: ./evaporation/graphs/Gvsrho.png  used on input line 25
.
(pdftex.def)             Requested size: 138.21777pt x 169.9549pt.
 [8 <./evaporation/graphs/Gvsrho.png>]
<./evaporation/graphs/PvsT.pdf, id=432, 849.1725pt x 554.07pt>
File: ./evaporation/graphs/PvsT.pdf Graphic file (type pdf)
<use ./evaporation/graphs/PvsT.pdf>
Package pdftex.def Info: ./evaporation/graphs/PvsT.pdf  used on input line 36.
(pdftex.def)             Requested size: 460.72124pt x 300.61368pt.
 [9 <./evaporation/graphs/PvsT.pdf>]
[10]
<./evaporation/graphs/massvstime.pdf, id=464, 465.74pt x 346.29375pt>
File: ./evaporation/graphs/massvstime.pdf Graphic file (type pdf)
<use ./evaporation/graphs/massvstime.pdf>
Package pdftex.def Info: ./evaporation/graphs/massvstime.pdf  used on input lin
e 56.
(pdftex.def)             Requested size: 368.57838pt x 274.06047pt.
 [11 <./evaporation/graphs/massvstime.pdf>]
<./evaporation/graphs/MALDIfractions.pdf, id=487, 435.6275pt x 590.205pt>
File: ./evaporation/graphs/MALDIfractions.pdf Graphic file (type pdf)
<use ./evaporation/graphs/MALDIfractions.pdf>
Package pdftex.def Info: ./evaporation/graphs/MALDIfractions.pdf  used on input
 line 82.
(pdftex.def)             Requested size: 276.43555pt x 374.52385pt.
 [12]
<./evaporation/graphs/fromMALDI.pdf, id=492, 361.35pt x 425.59pt>
File: ./evaporation/graphs/fromMALDI.pdf Graphic file (type pdf)
<use ./evaporation/graphs/fromMALDI.pdf>
Package pdftex.def Info: ./evaporation/graphs/fromMALDI.pdf  used on input line
 91.
(pdftex.def)             Requested size: 276.43555pt x 325.58177pt.
 [13 <./evaporation/graphs/MALDIfractions.pdf>]

Package hyperref Warning: Token not allowed in a PDF string (PDFDocEncoding):
(hyperref)                removing `math shift' on input line 96.


Package hyperref Warning: Token not allowed in a PDF string (PDFDocEncoding):
(hyperref)                removing `math shift' on input line 96.

<./evaporation/graphs/fitN12.pdf, id=510, 190.7125pt x 122.4575pt>
File: ./evaporation/graphs/fitN12.pdf Graphic file (type pdf)
<use ./evaporation/graphs/fitN12.pdf>
Package pdftex.def Info: ./evaporation/graphs/fitN12.pdf  used on input line 10
3.
(pdftex.def)             Requested size: 276.43555pt x 177.5233pt.
<./evaporation/graphs/fitallNs.pdf, id=511, 555.07375pt x 353.32pt>
File: ./evaporation/graphs/fitallNs.pdf Graphic file (type pdf)
<use ./evaporation/graphs/fitallNs.pdf>
Package pdftex.def Info: ./evaporation/graphs/fitallNs.pdf  used on input line 
108.
(pdftex.def)             Requested size: 276.43555pt x 175.95871pt.
) [14 <./evaporation/graphs/fromMALDI.pdf>] (./analysis/analysis.tex [15 <./eva
poration/graphs/fitN12.pdf> <./evaporation/graphs/fitallNs.pdf>]
Chapter 3.
<./analysis/graphs/oligomercrystallization.pdf, id=636, 275.0275pt x 78.2925pt>

File: ./analysis/graphs/oligomercrystallization.pdf Graphic file (type pdf)
<use ./analysis/graphs/oligomercrystallization.pdf>
Package pdftex.def Info: ./analysis/graphs/oligomercrystallization.pdf  used on
 input line 15.
(pdftex.def)             Requested size: 322.50345pt x 91.81567pt.
[16


]
<./analysis/graphs/fringedmicelle.pdf, id=645, 175.65625pt x 131.49126pt>
File: ./analysis/graphs/fringedmicelle.pdf Graphic file (type pdf)
<use ./analysis/graphs/fringedmicelle.pdf>
Package pdftex.def Info: ./analysis/graphs/fringedmicelle.pdf  used on input li
ne 31.
(pdftex.def)             Requested size: 184.28568pt x 137.96153pt.
 [17 <./analysis/graphs/oligomercrystallization.pdf>] [18 <./analysis/graphs/fr
ingedmicelle.pdf>]
<./analysis/graphs/adjacent.pdf, id=695, 318.92279pt x 221.26965pt>
File: ./analysis/graphs/adjacent.pdf Graphic file (type pdf)
<use ./analysis/graphs/adjacent.pdf>
Package pdftex.def Info: ./analysis/graphs/adjacent.pdf  used on input line 49.

(pdftex.def)             Requested size: 184.28568pt x 127.85704pt.
 [19 <./analysis/graphs/adjacent.pdf>]
<./analysis/graphs/random.pdf, id=718, 308.63928pt x 236.5661pt>
File: ./analysis/graphs/random.pdf Graphic file (type pdf)
<use ./analysis/graphs/random.pdf>
Package pdftex.def Info: ./analysis/graphs/random.pdf  used on input line 59.
(pdftex.def)             Requested size: 184.28568pt x 141.2549pt.
 [20 <./analysis/graphs/random.pdf>] [21] [22]
<./analysis/graphs/helix.pdf, id=768, 225.35007pt x 150.91159pt>
File: ./analysis/graphs/helix.pdf Graphic file (type pdf)
<use ./analysis/graphs/helix.pdf>
Package pdftex.def Info: ./analysis/graphs/helix.pdf  used on input line 150.
(pdftex.def)             Requested size: 322.50345pt x 215.97693pt.
 [23] [24 <./analysis/graphs/helix.pdf>]
<./analysis/graphs/Yeates.pdf, id=835, 180.42603pt x 202.06274pt>
File: ./analysis/graphs/Yeates.pdf Graphic file (type pdf)
<use ./analysis/graphs/Yeates.pdf>
Package pdftex.def Info: ./analysis/graphs/Yeates.pdf  used on input line 184.
(pdftex.def)             Requested size: 230.36061pt x 257.98885pt.
 [25]
[26 <./analysis/graphs/Yeates.pdf>]
Missing character: There is no . in font nullfont!
Missing character: There is no 0 in font nullfont!
Missing character: There is no 1 in font nullfont!
Missing character: There is no p in font nullfont!
Missing character: There is no t in font nullfont!
Missing character: There is no . in font nullfont!
Missing character: There is no 0 in font nullfont!
Missing character: There is no 1 in font nullfont!
Missing character: There is no p in font nullfont!
Missing character: There is no t in font nullfont!
Missing character: There is no . in font nullfont!
Missing character: There is no 0 in font nullfont!
Missing character: There is no 1 in font nullfont!
Missing character: There is no p in font nullfont!
Missing character: There is no t in font nullfont!
Missing character: There is no . in font nullfont!
Missing character: There is no 0 in font nullfont!
Missing character: There is no 1 in font nullfont!
Missing character: There is no p in font nullfont!
Missing character: There is no t in font nullfont!
Missing character: There is no . in font nullfont!
Missing character: There is no 0 in font nullfont!
Missing character: There is no 1 in font nullfont!
Missing character: There is no p in font nullfont!
Missing character: There is no t in font nullfont!
Missing character: There is no . in font nullfont!
Missing character: There is no 0 in font nullfont!
Missing character: There is no 1 in font nullfont!
Missing character: There is no p in font nullfont!
Missing character: There is no t in font nullfont!
Missing character: There is no . in font nullfont!
Missing character: There is no 0 in font nullfont!
Missing character: There is no 1 in font nullfont!
Missing character: There is no p in font nullfont!
Missing character: There is no t in font nullfont!
 [27]
Missing character: There is no . in font nullfont!
Missing character: There is no 0 in font nullfont!
Missing character: There is no 1 in font nullfont!
Missing character: There is no p in font nullfont!
Missing character: There is no t in font nullfont!
Missing character: There is no . in font nullfont!
Missing character: There is no 0 in font nullfont!
Missing character: There is no 1 in font nullfont!
Missing character: There is no p in font nullfont!
Missing character: There is no t in font nullfont!
Missing character: There is no . in font nullfont!
Missing character: There is no 0 in font nullfont!
Missing character: There is no 1 in font nullfont!
Missing character: There is no p in font nullfont!
Missing character: There is no t in font nullfont!
Missing character: There is no . in font nullfont!
Missing character: There is no 0 in font nullfont!
Missing character: There is no 1 in font nullfont!
Missing character: There is no p in font nullfont!
Missing character: There is no t in font nullfont!
Missing character: There is no . in font nullfont!
Missing character: There is no 0 in font nullfont!
Missing character: There is no 1 in font nullfont!
Missing character: There is no p in font nullfont!
Missing character: There is no t in font nullfont!
Missing character: There is no . in font nullfont!
Missing character: There is no 0 in font nullfont!
Missing character: There is no 1 in font nullfont!
Missing character: There is no p in font nullfont!
Missing character: There is no t in font nullfont!
 [28] [29]
<./analysis/graphs/DSCcurveeg.pdf, id=927, 264.00441pt x 194.22202pt>
File: ./analysis/graphs/DSCcurveeg.pdf Graphic file (type pdf)
<use ./analysis/graphs/DSCcurveeg.pdf>
Package pdftex.def Info: ./analysis/graphs/DSCcurveeg.pdf  used on input line 2
67.
(pdftex.def)             Requested size: 276.43555pt x 203.3701pt.
 [30] [31 <./analysis/graphs/DSCcurveeg.pdf>]
<./analysis/graphs/Tm.pdf, id=966, 593.21625pt x 375.4025pt>
File: ./analysis/graphs/Tm.pdf Graphic file (type pdf)
<use ./analysis/graphs/Tm.pdf>
Package pdftex.def Info: ./analysis/graphs/Tm.pdf  used on input line 282.
(pdftex.def)             Requested size: 460.72124pt x 291.56403pt.
 [32 <./analysis/graphs/Tm.pdf>]
<./analysis/graphs/fitTm1.pdf, id=999, 659.46375pt x 375.4025pt>
File: ./analysis/graphs/fitTm1.pdf Graphic file (type pdf)
<use ./analysis/graphs/fitTm1.pdf>
Package pdftex.def Info: ./analysis/graphs/fitTm1.pdf  used on input line 304.
(pdftex.def)             Requested size: 460.72124pt x 262.27588pt.
 [33] [34 <./analysis/graphs/fitTm1.pdf>]
<./analysis/graphs/fitTm2.pdf, id=1035, 672.5125pt x 375.4025pt>
File: ./analysis/graphs/fitTm2.pdf Graphic file (type pdf)
<use ./analysis/graphs/fitTm2.pdf>
Package pdftex.def Info: ./analysis/graphs/fitTm2.pdf  used on input line 321.
(pdftex.def)             Requested size: 460.72124pt x 257.1778pt.
 [35 <./analysis/graphs/fitTm2.pdf>]
<./analysis/graphs/fitTm.pdf, id=1059, 671.50874pt x 374.39874pt>
File: ./analysis/graphs/fitTm.pdf Graphic file (type pdf)
<use ./analysis/graphs/fitTm.pdf>
Package pdftex.def Info: ./analysis/graphs/fitTm.pdf  used on input line 331.
(pdftex.def)             Requested size: 460.72124pt x 256.87291pt.
<./analysis/graphs/doublepeaks3K.pdf, id=1061, 331.2375pt x 254.9525pt>
File: ./analysis/graphs/doublepeaks3K.pdf Graphic file (type pdf)
<use ./analysis/graphs/doublepeaks3K.pdf>
Package pdftex.def Info: ./analysis/graphs/doublepeaks3K.pdf  used on input lin
e 341.
(pdftex.def)             Requested size: 230.36061pt x 177.30621pt.
 [36 <./analysis/graphs/fitTm.pdf>] [37 <./analysis/graphs/doublepeaks3K.pdf>]
<./analysis/graphs/treatment.pdf, id=1111, 454.69875pt x 240.9pt>
File: ./analysis/graphs/treatment.pdf Graphic file (type pdf)
<use ./analysis/graphs/treatment.pdf>
Package pdftex.def Info: ./analysis/graphs/treatment.pdf  used on input line 35
4.
(pdftex.def)             Requested size: 276.43555pt x 146.4562pt.
<./analysis/graphs/DSCbefore.pdf, id=1112, 299.1175pt x 129.48375pt>
File: ./analysis/graphs/DSCbefore.pdf Graphic file (type pdf)
<use ./analysis/graphs/DSCbefore.pdf>
Package pdftex.def Info: ./analysis/graphs/DSCbefore.pdf  used on input line 36
2.
(pdftex.def)             Requested size: 276.43555pt x 119.67375pt.
<./analysis/graphs/DSCafter.pdf, id=1113, 299.1175pt x 129.48375pt>
File: ./analysis/graphs/DSCafter.pdf Graphic file (type pdf)
<use ./analysis/graphs/DSCafter.pdf>
Package pdftex.def Info: ./analysis/graphs/DSCafter.pdf  used on input line 366
.
(pdftex.def)             Requested size: 276.43555pt x 119.67375pt.
 [38 <./analysis/graphs/treatment.pdf>] [39 <./analysis/graphs/DSCbefore.pdf> <
./analysis/graphs/DSCafter.pdf>]
<./analysis/graphs/neatvsfractions.pdf, id=1162, 383.4325pt x 319.1925pt>
File: ./analysis/graphs/neatvsfractions.pdf Graphic file (type pdf)
<use ./analysis/graphs/neatvsfractions.pdf>
Package pdftex.def Info: ./analysis/graphs/neatvsfractions.pdf  used on input l
ine 379.
(pdftex.def)             Requested size: 368.57838pt x 306.84505pt.

[40 <./analysis/graphs/neatvsfractions.pdf>] [41]
<./analysis/graphs/Xc.pdf, id=1195, 362.35374pt x 282.05376pt>
File: ./analysis/graphs/Xc.pdf Graphic file (type pdf)
<use ./analysis/graphs/Xc.pdf>
Package pdftex.def Info: ./analysis/graphs/Xc.pdf  used on input line 419.
(pdftex.def)             Requested size: 322.50345pt x 251.03995pt.
 [42]
<./analysis/graphs/Xccomparison.pdf, id=1205, 476.78125pt x 277.035pt>
File: ./analysis/graphs/Xccomparison.pdf Graphic file (type pdf)
<use ./analysis/graphs/Xccomparison.pdf>
Package pdftex.def Info: ./analysis/graphs/Xccomparison.pdf  used on input line
 431.
(pdftex.def)             Requested size: 414.6463pt x 240.94241pt.
 [43 <./analysis/graphs/Xc.pdf>]) (./growth/growth.tex [44 <./analysis/graphs/X
ccomparison.pdf>]
Chapter 4.
[45


]
<./growth/graphs/spherulite.pdf, id=1267, 326.21875pt x 269.005pt>
File: ./growth/graphs/spherulite.pdf Graphic file (type pdf)
<use ./growth/graphs/spherulite.pdf>
Package pdftex.def Info: ./growth/graphs/spherulite.pdf  used on input line 13.

(pdftex.def)             Requested size: 230.36061pt x 189.9646pt.
<./growth/graphs/Maltese.pdf, id=1273, 794.97pt x 614.295pt>
File: ./growth/graphs/Maltese.pdf Graphic file (type pdf)
<use ./growth/graphs/Maltese.pdf>
Package pdftex.def Info: ./growth/graphs/Maltese.pdf  used on input line 23.
(pdftex.def)             Requested size: 230.36061pt x 178.00038pt.
 [46 <./growth/graphs/spherulite.pdf>] [47 <./growth/graphs/Maltese.pdf, page i
s rotated 90 degrees>] [48] [49] [50]
<./growth/graphs/tauV.pdf, id=1345, 234.85985pt x 218.59798pt>
File: ./growth/graphs/tauV.pdf Graphic file (type pdf)
<use ./growth/graphs/tauV.pdf>
Package pdftex.def Info: ./growth/graphs/tauV.pdf  used on input line 144.
(pdftex.def)             Requested size: 276.43555pt x 257.3096pt.
 [51 <./growth/graphs/tauV.pdf>]
[52]
<./growth/graphs/LHtheory.pdf, id=1434, 195.56938pt x 575.81567pt>
File: ./growth/graphs/LHtheory.pdf Graphic file (type pdf)
<use ./growth/graphs/LHtheory.pdf>
Package pdftex.def Info: ./growth/graphs/LHtheory.pdf  used on input line 177.
(pdftex.def)             Requested size: 184.28568pt x 542.60233pt.
 [53]
Overfull \vbox (18.60231pt too high) has occurred while \output is active []


[54 <./growth/graphs/LHtheory.pdf>] [55]
<./growth/graphs/GvsT.pdf, id=1493, 343.3191pt x 192.7505pt>
File: ./growth/graphs/GvsT.pdf Graphic file (type pdf)
<use ./growth/graphs/GvsT.pdf>
Package pdftex.def Info: ./growth/graphs/GvsT.pdf  used on input line 215.
(pdftex.def)             Requested size: 460.72124pt x 258.66667pt.
<./growth/graphs/Kovacs.pdf, id=1498, 314.01015pt x 213.9464pt>
File: ./growth/graphs/Kovacs.pdf Graphic file (type pdf)
<use ./growth/graphs/Kovacs.pdf>
Package pdftex.def Info: ./growth/graphs/Kovacs.pdf  used on input line 248.
(pdftex.def)             Requested size: 460.72124pt x 313.91306pt.
 [56 <./growth/graphs/GvsT.pdf>]
LaTeX Font Info:    Try loading font information for TS1+cmr on input line 253.


(/usr/local/texlive/2018/texmf-dist/tex/latex/base/ts1cmr.fd
File: ts1cmr.fd 2014/09/29 v2.5h Standard LaTeX font definitions
) [57 <./growth/graphs/Kovacs.pdf>]
<./growth/graphs/growth.pdf, id=1611, 576.1525pt x 430.60875pt>
File: ./growth/graphs/growth.pdf Graphic file (type pdf)
<use ./growth/graphs/growth.pdf>
Package pdftex.def Info: ./growth/graphs/growth.pdf  used on input line 264.
(pdftex.def)             Requested size: 368.57838pt x 275.47694pt.
 [58]
<./growth/graphs/crystalsize.pdf, id=1616, 424.58624pt x 328.22626pt>
File: ./growth/graphs/crystalsize.pdf Graphic file (type pdf)
<use ./growth/graphs/crystalsize.pdf>
Package pdftex.def Info: ./growth/graphs/crystalsize.pdf  used on input line 27
2.
(pdftex.def)             Requested size: 276.43555pt x 213.70512pt.
 [59 <./growth/graphs/growth.pdf>]
<./growth/graphs/logGvsTc.pdf, id=1636, 435.6275pt x 364.36125pt>
File: ./growth/graphs/logGvsTc.pdf Graphic file (type pdf)
<use ./growth/graphs/logGvsTc.pdf>
Package pdftex.def Info: ./growth/graphs/logGvsTc.pdf  used on input line 284.
(pdftex.def)             Requested size: 368.57838pt x 308.27968pt.
 [60 <./growth/graphs/crystalsize.pdf>]) [61 <./growth/graphs/logGvsTc.pdf>]
(./conclusion/conclusion.tex [62]
Chapter 5.
[63


]) [64] [65] (./uw-ethesis.bbl [66




] [67] [68] [69] [70]
Underfull \hbox (badness 1400) in paragraph at lines 360--363
[]\OT1/cmr/m/n/12 Charles E. Car-ra-her and Ray-mond B. (Ray-mond Bene-dict) Se
y-mour.  \OT1/cmr/m/it/12 Sey-
 []


Underfull \hbox (badness 1142) in paragraph at lines 391--396
[]\OT1/cmr/m/n/12 Michael V. Massa and Kari Dalnoki-Veress.  Ho-mo-ge-neous Cry
s-tal-liza-tion of
 []

[71]) [72]
Package atveryend Info: Empty hook `BeforeClearDocument' on input line 201.
Package atveryend Info: Empty hook `AfterLastShipout' on input line 201.
 (./uw-ethesis.aux)
Package atveryend Info: Executing hook `AtVeryEndDocument' on input line 201.
Package atveryend Info: Executing hook `AtEndAfterFileList' on input line 201.
Package rerunfilecheck Info: File `uw-ethesis.out' has not changed.
(rerunfilecheck)             Checksum: E075783AF8A59C7EB2598A3B4CE31CFD;2797.
 ) 
Here is how much of TeX's memory you used:
 41814 strings out of 492649
 969938 string characters out of 6129622
 1112660 words of memory out of 5000000
 44804 multiletter control sequences out of 15000+600000
 547275 words of font info for 88 fonts, out of 8000000 for 9000
 1141 hyphenation exceptions out of 8191
 62i,12n,100p,10381b,2211s stack positions out of 5000i,500n,10000p,200000b,80000s
{/usr/local/texlive/2018/texmf-dist/fonts/enc/dvips/cm-super/cm-super-ts1.enc
}</usr/local/texlive/2018/texmf-dist/fonts/type1/public/amsfonts/cm/cmbx10.pfb>
</usr/local/texlive/2018/texmf-dist/fonts/type1/public/amsfonts/cm/cmbx12.pfb><
/usr/local/texlive/2018/texmf-dist/fonts/type1/public/amsfonts/cm/cmbx9.pfb></u
sr/local/texlive/2018/texmf-dist/fonts/type1/public/amsfonts/cm/cmex10.pfb></us
r/local/texlive/2018/texmf-dist/fonts/type1/public/amsfonts/cm/cmmi10.pfb></usr
/local/texlive/2018/texmf-dist/fonts/type1/public/amsfonts/cm/cmmi12.pfb></usr/
local/texlive/2018/texmf-dist/fonts/type1/public/amsfonts/cm/cmmi8.pfb></usr/lo
cal/texlive/2018/texmf-dist/fonts/type1/public/amsfonts/cm/cmmi9.pfb></usr/loca
l/texlive/2018/texmf-dist/fonts/type1/public/amsfonts/cm/cmr10.pfb></usr/local/
texlive/2018/texmf-dist/fonts/type1/public/amsfonts/cm/cmr12.pfb></usr/local/te
xlive/2018/texmf-dist/fonts/type1/public/amsfonts/cm/cmr17.pfb></usr/local/texl
ive/2018/texmf-dist/fonts/type1/public/amsfonts/cm/cmr6.pfb></usr/local/texlive
/2018/texmf-dist/fonts/type1/public/amsfonts/cm/cmr7.pfb></usr/local/texlive/20
18/texmf-dist/fonts/type1/public/amsfonts/cm/cmr8.pfb></usr/local/texlive/2018/
texmf-dist/fonts/type1/public/amsfonts/cm/cmr9.pfb></usr/local/texlive/2018/tex
mf-dist/fonts/type1/public/amsfonts/cm/cmsy10.pfb></usr/local/texlive/2018/texm
f-dist/fonts/type1/public/amsfonts/cm/cmsy7.pfb></usr/local/texlive/2018/texmf-
dist/fonts/type1/public/amsfonts/cm/cmsy8.pfb></usr/local/texlive/2018/texmf-di
st/fonts/type1/public/amsfonts/cm/cmti12.pfb></usr/local/texlive/2018/texmf-dis
t/fonts/type1/public/amsfonts/cm/cmti9.pfb></usr/local/texlive/2018/texmf-dist/
fonts/type1/public/amsfonts/euler/eurm10.pfb></usr/local/texlive/2018/texmf-dis
t/fonts/type1/public/cm-super/sfrm1200.pfb>
Output written on uw-ethesis.pdf (82 pages, 17780763 bytes).
PDF statistics:
 1841 PDF objects out of 2073 (max. 8388607)
 1485 compressed objects within 15 object streams
 285 named destinations out of 1000 (max. 500000)
 492 words of extra memory for PDF output out of 10000 (max. 10000000)

